<?xml version="1.0" encoding="utf-8"?><testsuites name="pytest tests"><testsuite name="pytest" errors="0" failures="0" skipped="0" tests="11" time="6.324" timestamp="2026-08-24T05:20:45.379593+00:00" hostname="agent-env-b49b55fe-a9d3-4688-8411-7fda7277645f"><testcase classname="tests.test_stock_modal_cron.TestCronReconcile" name="test_unauthorized_no_header" time="0.571" /><testcase classname="tests.test_stock_modal_cron.TestCronReconcile" name="test_unauthorized_wrong_secret" time="0.108" /><testcase classname="tests.test_stock_modal_cron.TestAdjustModal" name="test_naik" time="0.805" /><testcase classname="tests.test_stock_modal_cron.TestCronReconcile" name="test_authorized_accepts_and_reconciles" time="2.546" /><testcase classname="tests.test_stock_modal_cron.TestAdjustModal" name="test_turun" time="0.086" /><testcase classname="tests.test_stock_modal_cron.TestAdjustModal" name="test_turun_clamps_zero" time="0.043" /><testcase classname="tests.test_stock_modal_cron.TestAdjustModal" name="test_invalid_arah" time="0.041" /><testcase classname="tests.test_stock_modal_cron.TestAdjustModal" name="test_negative_nominal" time="0.083" /><testcase classname="tests.test_stock_modal_cron.TestCronReconcile" name="test_paid_bill_preserved_by_cron" time="2.417" /><testcase classname="tests.test_stock_modal_cron.TestAddStock" name="test_add_positive" time="0.165" /><testcase classname="tests.test_stock_modal_cron.TestAddStock" name="test_add_from_negative" time="0.179" /></testsuite></testsuites>