<?xml version="1.0" encoding="utf-8"?><testsuites name="pytest tests"><testsuite name="pytest" errors="0" failures="0" skipped="0" tests="16" time="2.675" timestamp="2026-08-23T04:49:30.368838+00:00" hostname="agent-env-b49b55fe-a9d3-4688-8411-7fda7277645f"><testcase classname="tests.test_new_features.TestSupplierBillsFromSales" name="test_create_sale_creates_supplier_bill" time="0.818" /><testcase classname="tests.test_new_features.TestSaldoOnline" name="test_setup_store_and_sale" time="1.042" /><testcase classname="tests.test_new_features.TestSupplierBillsFromSales" name="test_update_sale_updates_bill" time="0.083" /><testcase classname="tests.test_new_features.TestSupplierBillsFromSales" name="test_toggle_bill_status" time="0.239" /><testcase classname="tests.test_new_features.TestSaldoOnline" name="test_save_saldo_and_compute" time="0.084" /><testcase classname="tests.test_new_features.TestSaldoOnline" name="test_get_saldo" time="0.081" /><testcase classname="tests.test_new_features.TestSupplierBillsFromSales" name="test_invalid_status_rejected" time="0.079" /><testcase classname="tests.test_new_features.TestSaldoOnline" name="test_add_and_delete_withdrawal" time="0.163" /><testcase classname="tests.test_new_features.TestSupplierBillsFromSales" name="test_summary" time="0.041" /><testcase classname="tests.test_new_features.TestSupplierBillsFromSales" name="test_delete_sale_removes_bill" time="0.121" /><testcase classname="tests.test_new_features.TestSaldoOnline" name="test_months_history" time="0.043" /><testcase classname="tests.test_new_features.TestStores" name="test_create_store" time="0.042" /><testcase classname="tests.test_new_features.TestSaldoOnline" name="test_cleanup" time="0.243" /><testcase classname="tests.test_new_features.TestStores" name="test_list_stores_contains" time="0.041" /><testcase classname="tests.test_new_features.TestStores" name="test_delete_store" time="0.158" /><testcase classname="tests.test_new_features.TestDashboardSupplierUnpaid" name="test_summary_endpoint_works" time="0.041" /></testsuite></testsuites>