<?xml version="1.0" encoding="utf-8"?><testsuites name="pytest tests"><testsuite name="pytest" errors="0" failures="0" skipped="0" tests="13" time="2.140" timestamp="2026-08-22T08:33:01.580019+00:00" hostname="agent-env-b49b55fe-a9d3-4688-8411-7fda7277645f"><testcase classname="tests.backend_test.TestSales" name="test_create_sale_decrements_stock" time="0.864" /><testcase classname="tests.backend_test.TestProducts" name="test_create_product_computed" time="0.828" /><testcase classname="tests.backend_test.TestProducts" name="test_list_products_has_created" time="0.082" /><testcase classname="tests.backend_test.TestSales" name="test_list_sales" time="0.041" /><testcase classname="tests.backend_test.TestSales" name="test_export_sales" time="0.053" /><testcase classname="tests.backend_test.TestProducts" name="test_update_product" time="0.048" /><testcase classname="tests.backend_test.TestSales" name="test_delete_sale" time="0.124" /><testcase classname="tests.backend_test.TestProducts" name="test_inventory_export" time="0.046" /><testcase classname="tests.backend_test.TestDashboard" name="test_stats" time="0.084" /><testcase classname="tests.backend_test.TestAuth" name="test_protected_requires_auth" time="0.135" /><testcase classname="tests.backend_test.TestZCleanup" name="test_delete_products" time="0.176" /><testcase classname="tests.backend_test.TestAuth" name="test_login_bad_creds" time="0.366" /><testcase classname="tests.backend_test.TestAuth" name="test_me" time="0.041" /></testsuite></testsuites>