<?xml version="1.0" encoding="utf-8"?><testsuites name="pytest tests"><testsuite name="pytest" errors="0" failures="0" skipped="0" tests="44" time="9.546" timestamp="2026-08-24T05:10:03.677764+00:00" hostname="agent-env-b49b55fe-a9d3-4688-8411-7fda7277645f"><testcase classname="tests.backend_test.TestAuth" name="test_protected_requires_auth" time="0.276" /><testcase classname="tests.backend_test.TestAuth" name="test_login_bad_creds" time="0.329" /><testcase classname="tests.backend_test.TestAuth" name="test_me" time="0.440" /><testcase classname="tests.backend_test.TestProducts" name="test_create_product_computed" time="0.042" /><testcase classname="tests.backend_test.TestProducts" name="test_list_products_has_created" time="0.059" /><testcase classname="tests.backend_test.TestProducts" name="test_update_product" time="0.084" /><testcase classname="tests.backend_test.TestProducts" name="test_inventory_export" time="0.071" /><testcase classname="tests.backend_test.TestSales" name="test_create_sale_decrements_stock" time="0.217" /><testcase classname="tests.backend_test.TestSales" name="test_list_sales" time="0.051" /><testcase classname="tests.backend_test.TestSales" name="test_export_sales" time="0.063" /><testcase classname="tests.backend_test.TestSales" name="test_delete_sale" time="0.129" /><testcase classname="tests.backend_test.TestDashboard" name="test_stats" time="0.087" /><testcase classname="tests.backend_test.TestZCleanup" name="test_delete_products" time="0.336" /><testcase classname="tests.test_bill_amount_equals_grand_total.TestExistingUnpaidBillsMatchGrandTotal" name="test_all_unpaid_bill_amount_equals_sale_grand_total" time="0.498" /><testcase classname="tests.test_bill_amount_equals_grand_total.TestNewSaleFractionalPrices" name="test_odd_prices_bill_equals_grand_total_no_drift" time="0.264" /><testcase classname="tests.test_bill_amount_equals_grand_total.TestEditUnpaidSaleUpdatesBill" name="test_edit_unpaid_sale_bill_amount_follows_new_grand_total" time="0.433" /><testcase classname="tests.test_bill_amount_equals_grand_total.TestPaidPartialBillFrozenOnSaleEdit" name="test_partial_paid_bill_amount_frozen_on_sale_edit" time="0.570" /><testcase classname="tests.test_bill_amount_equals_grand_total.TestPaidPartialBillFrozenOnSaleEdit" name="test_fully_paid_bill_amount_frozen_on_sale_edit" time="0.558" /><testcase classname="tests.test_new_features.TestSupplierBillsFromSales" name="test_create_sale_creates_supplier_bill" time="0.553" /><testcase classname="tests.test_new_features.TestSupplierBillsFromSales" name="test_update_sale_updates_bill" time="0.109" /><testcase classname="tests.test_new_features.TestSupplierBillsFromSales" name="test_toggle_bill_status" time="0.205" /><testcase classname="tests.test_new_features.TestSupplierBillsFromSales" name="test_invalid_status_rejected" time="0.050" /><testcase classname="tests.test_new_features.TestSupplierBillsFromSales" name="test_summary" time="0.157" /><testcase classname="tests.test_new_features.TestSupplierBillsFromSales" name="test_delete_sale_removes_bill" time="0.111" /><testcase classname="tests.test_new_features.TestStores" name="test_create_store" time="0.059" /><testcase classname="tests.test_new_features.TestStores" name="test_list_stores_contains" time="0.055" /><testcase classname="tests.test_new_features.TestStores" name="test_delete_store" time="0.097" /><testcase classname="tests.test_new_features.TestSaldoOnline" name="test_setup_store_and_sale" time="0.207" /><testcase classname="tests.test_new_features.TestSaldoOnline" name="test_save_saldo_and_compute" time="0.054" /><testcase classname="tests.test_new_features.TestSaldoOnline" name="test_get_saldo" time="0.050" /><testcase classname="tests.test_new_features.TestSaldoOnline" name="test_add_and_delete_withdrawal" time="0.325" /><testcase classname="tests.test_new_features.TestSaldoOnline" name="test_months_history" time="0.049" /><testcase classname="tests.test_new_features.TestSaldoOnline" name="test_cleanup" time="0.154" /><testcase classname="tests.test_new_features.TestDashboardSupplierUnpaid" name="test_summary_endpoint_works" time="0.062" /><testcase classname="tests.test_partial_payment_and_export.TestPartialPayment" name="test_partial_payment_sets_partial_status" time="0.869" /><testcase classname="tests.test_partial_payment_and_export.TestPartialPayment" name="test_second_partial_payment_increments" time="0.146" /><testcase classname="tests.test_partial_payment_and_export.TestPartialPayment" name="test_summary_uses_outstanding_and_partial_count" time="0.048" /><testcase classname="tests.test_partial_payment_and_export.TestPartialPayment" name="test_delete_payment_recomputes" time="0.225" /><testcase classname="tests.test_partial_payment_and_export.TestPartialPayment" name="test_pay_remaining_marks_paid" time="0.147" /><testcase classname="tests.test_partial_payment_and_export.TestPartialPayment" name="test_batalkan_resets" time="0.145" /><testcase classname="tests.test_partial_payment_and_export.TestPartialPayment" name="test_lunas_marks_paid" time="0.116" /><testcase classname="tests.test_partial_payment_and_export.TestSaldoInvoiceUsesOutstanding" name="test_partial_reduces_invoice" time="0.619" /><testcase classname="tests.test_partial_payment_and_export.TestSaldoExport" name="test_export_xlsx" time="0.144" /><testcase classname="tests.test_partial_payment_and_export.TestSaldoExport" name="test_export_empty_month_still_returns_xlsx" time="0.158" /></testsuite></testsuites>