<?xml version="1.0" encoding="utf-8"?><testsuites name="pytest tests"><testsuite name="pytest" errors="0" failures="0" skipped="0" tests="26" time="3.681" timestamp="2026-08-23T05:52:56.399917+00:00" hostname="agent-env-b49b55fe-a9d3-4688-8411-7fda7277645f"><testcase classname="tests.test_new_features.TestSupplierBillsFromSales" name="test_create_sale_creates_supplier_bill" time="0.710" /><testcase classname="tests.test_new_features.TestSupplierBillsFromSales" name="test_update_sale_updates_bill" time="0.095" /><testcase classname="tests.test_new_features.TestSupplierBillsFromSales" name="test_toggle_bill_status" time="0.216" /><testcase classname="tests.test_partial_payment_and_export.TestPartialPayment" name="test_partial_payment_sets_partial_status" time="1.031" /><testcase classname="tests.test_new_features.TestSupplierBillsFromSales" name="test_invalid_status_rejected" time="0.086" /><testcase classname="tests.test_partial_payment_and_export.TestPartialPayment" name="test_second_partial_payment_increments" time="0.087" /><testcase classname="tests.test_new_features.TestSupplierBillsFromSales" name="test_summary" time="0.085" /><testcase classname="tests.test_partial_payment_and_export.TestPartialPayment" name="test_summary_uses_outstanding_and_partial_count" time="0.038" /><testcase classname="tests.test_partial_payment_and_export.TestPartialPayment" name="test_delete_payment_recomputes" time="0.130" /><testcase classname="tests.test_new_features.TestSupplierBillsFromSales" name="test_delete_sale_removes_bill" time="0.131" /><testcase classname="tests.test_partial_payment_and_export.TestPartialPayment" name="test_pay_remaining_marks_paid" time="0.127" /><testcase classname="tests.test_new_features.TestSaldoOnline" name="test_setup_store_and_sale" time="0.222" /><testcase classname="tests.test_partial_payment_and_export.TestPartialPayment" name="test_batalkan_resets" time="0.091" /><testcase classname="tests.test_partial_payment_and_export.TestPartialPayment" name="test_lunas_marks_paid" time="0.254" /><testcase classname="tests.test_new_features.TestSaldoOnline" name="test_save_saldo_and_compute" time="0.046" /><testcase classname="tests.test_new_features.TestSaldoOnline" name="test_get_saldo" time="0.083" /><testcase classname="tests.test_new_features.TestSaldoOnline" name="test_add_and_delete_withdrawal" time="0.132" /><testcase classname="tests.test_new_features.TestSaldoOnline" name="test_months_history" time="0.085" /><testcase classname="tests.test_new_features.TestSaldoOnline" name="test_cleanup" time="0.292" /><testcase classname="tests.test_new_features.TestStores" name="test_create_store" time="0.497" /><testcase classname="tests.test_new_features.TestStores" name="test_list_stores_contains" time="0.248" /><testcase classname="tests.test_partial_payment_and_export.TestSaldoExport" name="test_export_xlsx" time="0.449" /><testcase classname="tests.test_new_features.TestStores" name="test_delete_store" time="0.093" /><testcase classname="tests.test_new_features.TestDashboardSupplierUnpaid" name="test_summary_endpoint_works" time="0.046" /><testcase classname="tests.test_partial_payment_and_export.TestSaldoExport" name="test_export_empty_month_still_returns_xlsx" time="0.048" /><testcase classname="tests.test_partial_payment_and_export.TestSaldoInvoiceUsesOutstanding" name="test_partial_reduces_invoice" time="0.456" /></testsuite></testsuites>