<?xml version="1.0" encoding="utf-8"?><testsuites name="pytest tests"><testsuite name="pytest" errors="7" failures="5" skipped="0" tests="39" time="4.910" timestamp="2026-08-24T05:07:58.650496+00:00" hostname="agent-env-b49b55fe-a9d3-4688-8411-7fda7277645f"><testcase classname="tests.backend_test.TestAuth" name="test_protected_requires_auth" time="0.288" /><testcase classname="tests.backend_test.TestAuth" name="test_login_bad_creds" time="0.325" /><testcase classname="tests.backend_test.TestAuth" name="test_me" time="0.478" /><testcase classname="tests.backend_test.TestProducts" name="test_create_product_computed" time="0.050" /><testcase classname="tests.backend_test.TestProducts" name="test_list_products_has_created" time="0.061" /><testcase classname="tests.backend_test.TestProducts" name="test_update_product" time="0.050" /><testcase classname="tests.backend_test.TestProducts" name="test_inventory_export" time="0.092" /><testcase classname="tests.backend_test.TestSales" name="test_create_sale_decrements_stock" time="0.155" /><testcase classname="tests.backend_test.TestSales" name="test_list_sales" time="0.053" /><testcase classname="tests.backend_test.TestSales" name="test_export_sales" time="0.067" /><testcase classname="tests.backend_test.TestSales" name="test_delete_sale" time="0.094" /><testcase classname="tests.backend_test.TestDashboard" name="test_stats" time="0.048" /><testcase classname="tests.backend_test.TestZCleanup" name="test_delete_products" time="0.143" /><testcase classname="tests.test_new_features.TestSupplierBillsFromSales" name="test_create_sale_creates_supplier_bill" time="0.555"><failure message="AssertionError: expected 12105.6 got 23000.0&#10;assert 23000.0 == 12105.6">backend/tests/test_new_features.py:57: in test_create_sale_creates_supplier_bill
    assert bill["amount"] == expected, f"expected {expected} got {bill['amount']}"
E   AssertionError: expected 12105.6 got 23000.0
E   assert 23000.0 == 12105.6</failure></testcase><testcase classname="tests.test_new_features.TestSupplierBillsFromSales" name="test_update_sale_updates_bill" time="0.112"><failure message="assert 50000.0 == 30264.0&#10; +  where 30264.0 = round((3026.4 * 10), 2)">backend/tests/test_new_features.py:78: in test_update_sale_updates_bill
    assert bill["amount"] == round(3026.4 * 10, 2)
E   assert 50000.0 == 30264.0
E    +  where 30264.0 = round((3026.4 * 10), 2)</failure></testcase><testcase classname="tests.test_new_features.TestSupplierBillsFromSales" name="test_toggle_bill_status" time="0.045"><failure message="assert 404 == 200&#10; +  where 404 = &lt;Response [404]&gt;.status_code">backend/tests/test_new_features.py:85: in test_toggle_bill_status
    assert r.status_code == 200
E   assert 404 == 200
E    +  where 404 = &lt;Response [404]&gt;.status_code</failure></testcase><testcase classname="tests.test_new_features.TestSupplierBillsFromSales" name="test_invalid_status_rejected" time="0.042" /><testcase classname="tests.test_new_features.TestSupplierBillsFromSales" name="test_summary" time="0.083" /><testcase classname="tests.test_new_features.TestSupplierBillsFromSales" name="test_delete_sale_removes_bill" time="0.093" /><testcase classname="tests.test_new_features.TestStores" name="test_create_store" time="0.054" /><testcase classname="tests.test_new_features.TestStores" name="test_list_stores_contains" time="0.042" /><testcase classname="tests.test_new_features.TestStores" name="test_delete_store" time="0.125" /><testcase classname="tests.test_new_features.TestSaldoOnline" name="test_setup_store_and_sale" time="0.220"><failure message="assert 30000.0 == 20000">backend/tests/test_new_features.py:167: in test_setup_store_and_sale
    assert bill["amount"] == 20000
E   assert 30000.0 == 20000</failure></testcase><testcase classname="tests.test_new_features.TestSaldoOnline" name="test_save_saldo_and_compute" time="0.057" /><testcase classname="tests.test_new_features.TestSaldoOnline" name="test_get_saldo" time="0.084" /><testcase classname="tests.test_new_features.TestSaldoOnline" name="test_add_and_delete_withdrawal" time="0.129" /><testcase classname="tests.test_new_features.TestSaldoOnline" name="test_months_history" time="0.084" /><testcase classname="tests.test_new_features.TestSaldoOnline" name="test_cleanup" time="0.132" /><testcase classname="tests.test_new_features.TestDashboardSupplierUnpaid" name="test_summary_endpoint_works" time="0.043" /><testcase classname="tests.test_partial_payment_and_export.TestPartialPayment" name="test_partial_payment_sets_partial_status" time="0.553"><error message="failed on setup with &quot;assert 30000.0 == 200000&quot;">backend/tests/test_partial_payment_and_export.py:41: in seeded
    assert bill["amount"] == 200000
E   assert 30000.0 == 200000</error></testcase><testcase classname="tests.test_partial_payment_and_export.TestPartialPayment" name="test_second_partial_payment_increments" time="0.000"><error message="failed on setup with &quot;assert 30000.0 == 200000&quot;">backend/tests/test_partial_payment_and_export.py:41: in seeded
    assert bill["amount"] == 200000
E   assert 30000.0 == 200000</error></testcase><testcase classname="tests.test_partial_payment_and_export.TestPartialPayment" name="test_summary_uses_outstanding_and_partial_count" time="0.000"><error message="failed on setup with &quot;assert 30000.0 == 200000&quot;">backend/tests/test_partial_payment_and_export.py:41: in seeded
    assert bill["amount"] == 200000
E   assert 30000.0 == 200000</error></testcase><testcase classname="tests.test_partial_payment_and_export.TestPartialPayment" name="test_delete_payment_recomputes" time="0.000"><error message="failed on setup with &quot;assert 30000.0 == 200000&quot;">backend/tests/test_partial_payment_and_export.py:41: in seeded
    assert bill["amount"] == 200000
E   assert 30000.0 == 200000</error></testcase><testcase classname="tests.test_partial_payment_and_export.TestPartialPayment" name="test_pay_remaining_marks_paid" time="0.000"><error message="failed on setup with &quot;assert 30000.0 == 200000&quot;">backend/tests/test_partial_payment_and_export.py:41: in seeded
    assert bill["amount"] == 200000
E   assert 30000.0 == 200000</error></testcase><testcase classname="tests.test_partial_payment_and_export.TestPartialPayment" name="test_batalkan_resets" time="0.000"><error message="failed on setup with &quot;assert 30000.0 == 200000&quot;">backend/tests/test_partial_payment_and_export.py:41: in seeded
    assert bill["amount"] == 200000
E   assert 30000.0 == 200000</error></testcase><testcase classname="tests.test_partial_payment_and_export.TestPartialPayment" name="test_lunas_marks_paid" time="0.000"><error message="failed on setup with &quot;assert 30000.0 == 200000&quot;">backend/tests/test_partial_payment_and_export.py:41: in seeded
    assert bill["amount"] == 200000
E   assert 30000.0 == 200000</error></testcase><testcase classname="tests.test_partial_payment_and_export.TestSaldoInvoiceUsesOutstanding" name="test_partial_reduces_invoice" time="0.306"><failure message="assert 30000.0 &gt;= 100000">backend/tests/test_partial_payment_and_export.py:161: in test_partial_reduces_invoice
    assert base_invoice &gt;= 100000  # 500000/10 * 2 = 100000
    ^^^^^^^^^^^^^^^^^^^^^^^^^^^^^
E   assert 30000.0 &gt;= 100000</failure></testcase><testcase classname="tests.test_partial_payment_and_export.TestSaldoExport" name="test_export_xlsx" time="0.057" /><testcase classname="tests.test_partial_payment_and_export.TestSaldoExport" name="test_export_empty_month_still_returns_xlsx" time="0.056" /></testsuite></testsuites>